<?xml version="1.0" encoding="UTF-8"?>
<testsuite xmlns:xsi="http://www.w3.org/2001/XMLSchema-instance" xsi:noNamespaceSchemaLocation="https://maven.apache.org/surefire/maven-surefire-plugin/xsd/surefire-test-report-3.0.xsd" version="3.0" name="com.mycompany.registraionloginapp.MessageManagerTest" time="0.198" tests="6" errors="0" skipped="0" failures="0">
  <properties>
[...]
</properties>
  <testcase name="testSentMessagesArrayCorrectlyPopulated" classname="com.mycompany.registraionloginapp.MessageManagerTest" time="0.123"/>
  <testcase name="testDisplayReport" classname="com.mycompany.registraionloginapp.MessageManagerTest" time="0.007"/>
  <testcase name="testSearchForMessageID" classname="com.mycompany.registraionloginapp.MessageManagerTest" time="0.006"/>
  <testcase name="testSearchAllMessagesForRecipient" classname="com.mycompany.registraionloginapp.MessageManagerTest" time="0.007"/>
  <testcase name="testDisplayTheLongestMessage" classname="com.mycompany.registraionloginapp.MessageManagerTest" time="0.004"/>
  <testcase name="testDeleteMessageUsingMessageHash" classname="com.mycompany.registraionloginapp.MessageManagerTest" time="0.008"/>
</testsuite>